2023-10-01 14:35:50,418.Heart_Rate_Listener.INFO ==================================================
2023-10-01 14:35:50,419.Heart_Rate_Listener.INFO Today is 2023-10-01 at 02:35 PM
2023-10-01 14:35:50,419.Heart_Rate_Listener.INFO Running on: nt Windows 10
2023-10-01 14:35:50,419.Heart_Rate_Listener.INFO Python version:  3.11.3
2023-10-01 14:35:50,419.Heart_Rate_Listener.INFO Python path: C:\Users\wadej\AppData\Local\Programs\Python\Python311
2023-10-01 14:35:50,420.Heart_Rate_Listener.INFO Working dir: C:\Users\wadej\OneDrive\Documents\Custom-07-Heart-Rate
2023-10-01 14:35:50,420.Heart_Rate_Listener.INFO ==================================================
2023-10-01 14:35:50,441.Heart_Rate_Listener.INFO  [*] Ready for work. To exit press CTRL+C
2023-10-01 14:36:13,388.Heart_Rate_Listener.INFO  [x] Received 5/22/2021 12:20,80
2023-10-01 14:36:13,389.Heart_Rate_Listener.INFO  [x] Received Heart Rate.
2023-10-01 14:36:15,390.Heart_Rate_Listener.INFO  [x] Received 5/22/2021 12:20,53
2023-10-01 14:36:15,391.Heart_Rate_Listener.INFO  [x] Received Heart Rate.
2023-10-01 14:36:17,391.Heart_Rate_Listener.INFO  [x] Received 5/22/2021 12:21,86
2023-10-01 14:36:17,392.Heart_Rate_Listener.INFO  [x] Received Heart Rate.
2023-10-01 14:36:19,393.Heart_Rate_Listener.INFO  [x] Received 5/22/2021 12:21,56
2023-10-01 14:36:19,394.Heart_Rate_Listener.INFO  [x] Received Heart Rate.
2023-10-01 14:36:21,393.Heart_Rate_Listener.INFO  [x] Received 5/22/2021 12:22,110
2023-10-01 14:36:21,394.Heart_Rate_Listener.INFO  [x] Received Heart Rate.
2023-10-01 14:36:23,395.Heart_Rate_Listener.INFO  [x] Received 5/22/2021 12:22,97
2023-10-01 14:36:23,396.Heart_Rate_Listener.INFO  [x] Received Heart Rate.
2023-10-01 14:36:25,397.Heart_Rate_Listener.INFO  [x] Received 5/22/2021 12:23,103
2023-10-01 14:36:25,397.Heart_Rate_Listener.INFO  [x] Received Heart Rate.
2023-10-01 14:36:27,397.Heart_Rate_Listener.INFO  [x] Received 5/22/2021 12:23,53
2023-10-01 14:36:27,398.Heart_Rate_Listener.INFO  [x] Received Heart Rate.
2023-10-01 14:36:29,399.Heart_Rate_Listener.INFO  [x] Received 5/22/2021 12:24,114
2023-10-01 14:36:29,399.Heart_Rate_Listener.INFO  [x] Received Heart Rate.
2023-10-01 14:36:31,400.Heart_Rate_Listener.INFO  [x] Received 5/22/2021 12:24,55
2023-10-01 14:36:31,401.Heart_Rate_Listener.INFO  [x] Received Heart Rate.
2023-10-01 14:36:33,402.Heart_Rate_Listener.INFO  [x] Received 5/22/2021 12:25,59
2023-10-01 14:36:33,403.Heart_Rate_Listener.INFO  [x] Received Heart Rate.
2023-10-01 14:36:35,403.Heart_Rate_Listener.INFO  [x] Received 5/22/2021 12:25,54
2023-10-01 14:36:35,403.Heart_Rate_Listener.INFO  [x] Received Heart Rate.
2023-10-01 14:36:37,404.Heart_Rate_Listener.INFO  [x] Received 5/22/2021 12:25,124
2023-10-01 14:36:37,405.Heart_Rate_Listener.INFO Alert! Your heart rate is really high. You need to see a doctor.
2023-10-01 14:36:37,405.Heart_Rate_Listener.INFO  [x] Received Heart Rate.
2023-10-01 14:36:39,406.Heart_Rate_Listener.INFO  [x] Received 5/22/2021 12:26,126
2023-10-01 14:36:39,406.Heart_Rate_Listener.INFO Alert! Your heart rate is really high. You need to see a doctor.
2023-10-01 14:36:39,407.Heart_Rate_Listener.INFO  [x] Received Heart Rate.
2023-10-01 14:36:41,420.Heart_Rate_Listener.INFO  [x] Received 5/22/2021 12:26,123
2023-10-01 14:36:41,420.Heart_Rate_Listener.INFO Alert! Your heart rate is really high. You need to see a doctor.
2023-10-01 14:36:41,420.Heart_Rate_Listener.INFO  [x] Received Heart Rate.
2023-10-01 14:36:43,408.Heart_Rate_Listener.INFO  [x] Received 5/22/2021 12:27,75
2023-10-01 14:36:43,409.Heart_Rate_Listener.INFO  [x] Received Heart Rate.
2023-10-01 14:36:45,417.Heart_Rate_Listener.INFO  [x] Received 5/22/2021 12:27,97
2023-10-01 14:36:45,417.Heart_Rate_Listener.INFO  [x] Received Heart Rate.
2023-10-01 14:36:47,412.Heart_Rate_Listener.INFO  [x] Received 5/22/2021 12:28,130
2023-10-01 14:36:47,412.Heart_Rate_Listener.INFO Alert! Your heart rate is really high. You need to see a doctor.
2023-10-01 14:36:47,413.Heart_Rate_Listener.INFO  [x] Received Heart Rate.
2023-10-01 14:36:49,413.Heart_Rate_Listener.INFO  [x] Received 5/22/2021 12:28,73
2023-10-01 14:36:49,414.Heart_Rate_Listener.INFO  [x] Received Heart Rate.
2023-10-01 14:36:51,415.Heart_Rate_Listener.INFO  [x] Received 5/22/2021 12:29,111
2023-10-01 14:36:51,415.Heart_Rate_Listener.INFO  [x] Received Heart Rate.
2023-10-01 14:36:53,416.Heart_Rate_Listener.INFO  [x] Received 5/22/2021 12:29,61
2023-10-01 14:36:53,417.Heart_Rate_Listener.INFO  [x] Received Heart Rate.
2023-10-01 14:36:55,417.Heart_Rate_Listener.INFO  [x] Received 5/22/2021 12:30,56
2023-10-01 14:36:55,418.Heart_Rate_Listener.INFO  [x] Received Heart Rate.
2023-10-01 14:36:57,418.Heart_Rate_Listener.INFO  [x] Received 5/22/2021 12:30,53
2023-10-01 14:36:57,419.Heart_Rate_Listener.INFO  [x] Received Heart Rate.
2023-10-01 14:36:59,419.Heart_Rate_Listener.INFO  [x] Received 5/22/2021 12:31,78
2023-10-01 14:36:59,420.Heart_Rate_Listener.INFO  [x] Received Heart Rate.
2023-10-01 14:37:01,435.Heart_Rate_Listener.INFO  [x] Received 5/22/2021 12:31,73
2023-10-01 14:37:01,436.Heart_Rate_Listener.INFO  [x] Received Heart Rate.
2023-10-01 14:37:03,422.Heart_Rate_Listener.INFO  [x] Received 5/22/2021 12:32,103
2023-10-01 14:37:03,422.Heart_Rate_Listener.INFO  [x] Received Heart Rate.
2023-10-01 14:37:05,423.Heart_Rate_Listener.INFO  [x] Received 5/22/2021 12:32,57
2023-10-01 14:37:05,424.Heart_Rate_Listener.INFO  [x] Received Heart Rate.
2023-10-01 14:37:07,425.Heart_Rate_Listener.INFO  [x] Received 5/22/2021 12:33,85
2023-10-01 14:37:07,425.Heart_Rate_Listener.INFO  [x] Received Heart Rate.
2023-10-01 14:37:09,427.Heart_Rate_Listener.INFO  [x] Received 5/22/2021 12:33,90
2023-10-01 14:37:09,427.Heart_Rate_Listener.INFO  [x] Received Heart Rate.
2023-10-01 14:37:11,428.Heart_Rate_Listener.INFO  [x] Received 5/22/2021 12:34,91
2023-10-01 14:37:11,429.Heart_Rate_Listener.INFO  [x] Received Heart Rate.
2023-10-01 14:37:13,429.Heart_Rate_Listener.INFO  [x] Received 5/22/2021 12:34,73
2023-10-01 14:37:13,430.Heart_Rate_Listener.INFO  [x] Received Heart Rate.
2023-10-01 14:37:15,459.Heart_Rate_Listener.INFO  [x] Received 5/22/2021 12:35,54
2023-10-01 14:37:15,459.Heart_Rate_Listener.INFO  [x] Received Heart Rate.
2023-10-01 14:37:17,433.Heart_Rate_Listener.INFO  [x] Received 5/22/2021 12:35,87
2023-10-01 14:37:17,433.Heart_Rate_Listener.INFO  [x] Received Heart Rate.
2023-10-01 14:37:19,452.Heart_Rate_Listener.INFO  [x] Received 5/22/2021 12:36,109
2023-10-01 14:37:19,452.Heart_Rate_Listener.INFO  [x] Received Heart Rate.
2023-10-01 14:37:21,435.Heart_Rate_Listener.INFO  [x] Received 5/22/2021 12:36,107
2023-10-01 14:37:21,435.Heart_Rate_Listener.INFO  [x] Received Heart Rate.
2023-10-01 14:37:23,437.Heart_Rate_Listener.INFO  [x] Received 5/22/2021 12:37,108
2023-10-01 14:37:23,438.Heart_Rate_Listener.INFO  [x] Received Heart Rate.
2023-10-01 14:37:25,437.Heart_Rate_Listener.INFO  [x] Received 5/22/2021 12:37,61
2023-10-01 14:37:25,437.Heart_Rate_Listener.INFO  [x] Received Heart Rate.
2023-10-01 14:37:27,438.Heart_Rate_Listener.INFO  [x] Received 5/22/2021 12:38,103
2023-10-01 14:37:27,439.Heart_Rate_Listener.INFO  [x] Received Heart Rate.
2023-10-01 14:37:29,455.Heart_Rate_Listener.INFO  [x] Received 5/22/2021 12:38,108
2023-10-01 14:37:29,456.Heart_Rate_Listener.INFO  [x] Received Heart Rate.
2023-10-01 14:37:31,441.Heart_Rate_Listener.INFO  [x] Received 5/22/2021 12:39,95
2023-10-01 14:37:31,442.Heart_Rate_Listener.INFO  [x] Received Heart Rate.
2023-10-01 14:37:33,443.Heart_Rate_Listener.INFO  [x] Received 5/22/2021 12:39,55
2023-10-01 14:37:33,444.Heart_Rate_Listener.INFO  [x] Received Heart Rate.
2023-10-01 14:37:35,444.Heart_Rate_Listener.INFO  [x] Received 5/22/2021 12:40,68
2023-10-01 14:37:35,445.Heart_Rate_Listener.INFO  [x] Received Heart Rate.
2023-10-01 14:37:37,445.Heart_Rate_Listener.INFO  [x] Received 5/22/2021 12:40,100
2023-10-01 14:37:37,446.Heart_Rate_Listener.INFO  [x] Received Heart Rate.
2023-10-01 14:37:39,447.Heart_Rate_Listener.INFO  [x] Received 5/22/2021 12:41,69
2023-10-01 14:37:39,447.Heart_Rate_Listener.INFO  [x] Received Heart Rate.
2023-10-01 14:37:41,448.Heart_Rate_Listener.INFO  [x] Received 5/22/2021 12:41,86
2023-10-01 14:37:41,449.Heart_Rate_Listener.INFO  [x] Received Heart Rate.
2023-10-01 14:37:43,450.Heart_Rate_Listener.INFO  [x] Received 5/22/2021 12:42,51
2023-10-01 14:37:43,450.Heart_Rate_Listener.INFO  [x] Received Heart Rate.
2023-10-01 14:37:45,452.Heart_Rate_Listener.INFO  [x] Received 5/22/2021 12:42,116
2023-10-01 14:37:45,453.Heart_Rate_Listener.INFO  [x] Received Heart Rate.
2023-10-01 14:37:47,453.Heart_Rate_Listener.INFO  [x] Received 5/22/2021 12:43,78
2023-10-01 14:37:47,453.Heart_Rate_Listener.INFO  [x] Received Heart Rate.
2023-10-01 14:37:49,453.Heart_Rate_Listener.INFO  [x] Received 5/22/2021 12:43,124
2023-10-01 14:37:49,455.Heart_Rate_Listener.INFO Alert! Your heart rate is really high. You need to see a doctor.
2023-10-01 14:37:49,455.Heart_Rate_Listener.INFO  [x] Received Heart Rate.
2023-10-01 14:37:51,456.Heart_Rate_Listener.INFO  [x] Received 5/22/2021 12:44,62
2023-10-01 14:37:51,456.Heart_Rate_Listener.INFO  [x] Received Heart Rate.
